[01:22:04] [ServerMain/INFO]: [bootstrap] Running Java 21 (OpenJDK 64-Bit Server VM 21.0.5+11-Ubuntu-1ubuntu120.04; Ubuntu null) on Linux 6.5.0-1025-azure (amd64)
[01:22:04] [ServerMain/INFO]: [bootstrap] Loading Paper 1.21.3-63-master@4190ee7 (2024-11-25T18:59:19Z) for Minecraft 1.21.3
[01:22:04] [ServerMain/INFO]: [PluginInitializerManager] Initializing plugins...
[01:22:04] [ServerMain/INFO]: [PluginInitializerManager] Initialized 0 plugins
[01:22:08] [ServerMain/INFO]: Environment: Environment[sessionHost=https://sessionserver.mojang.com, servicesHost=https://api.minecraftservices.com, name=PROD]
[01:22:10] [ServerMain/INFO]: Loaded 1337 recipes
[01:22:10] [ServerMain/INFO]: Loaded 1448 advancements
[01:22:10] [Server thread/INFO]: Starting minecraft server version 1.21.3
[01:22:10] [Server thread/INFO]: Loading properties
[01:22:10] [Server thread/INFO]: This server is running Paper version 1.21.3-63-master@4190ee7 (2024-11-25T18:59:19Z) (Implementing API version 1.21.3-R0.1-SNAPSHOT)
[01:22:11] [Server thread/INFO]: [spark] This server bundles the spark profiler. For more information please visit https://docs.papermc.io/paper/profiling
[01:22:11] [Server thread/INFO]: Server Ping Player Sample Count: 12
[01:22:11] [Server thread/INFO]: Using 4 threads for Netty based IO
[01:22:12] [Server thread/INFO]: [MoonriseCommon] Paper is using 1 worker threads, 1 I/O threads
[01:22:12] [Server thread/INFO]: [ChunkTaskScheduler] Chunk system is using population gen parallelism: true
[01:22:12] [Server thread/INFO]: Default game type: SURVIVAL
[01:22:12] [Server thread/INFO]: Generating keypair
[01:22:12] [Server thread/INFO]: Starting Minecraft server on *:25565
[01:22:12] [Server thread/INFO]: Using epoll channel type
[01:22:12] [Server thread/INFO]: Paper: Using libdeflate (Linux x86_64) compression from Velocity.
[01:22:12] [Server thread/INFO]: Paper: Using OpenSSL 1.1.x (Linux x86_64) cipher from Velocity.
[01:22:12] [Server thread/INFO]: Server permissions file permissions.yml is empty, ignoring it
[01:22:12] [Server thread/WARN]: **** SERVER IS RUNNING IN OFFLINE/INSECURE MODE!
[01:22:12] [Server thread/WARN]: The server will make no attempt to authenticate usernames. Beware.
[01:22:12] [Server thread/WARN]: While this makes the game possible to play without internet access, it also opens up the ability for hackers to connect with any username they choose.
[01:22:12] [Server thread/WARN]: To change this, set "online-mode" to "true" in the server.properties file.
[01:22:12] [Server thread/INFO]: Preparing level "world"
[01:22:13] [Server thread/INFO]: Preparing start region for dimension minecraft:overworld
[01:22:14] [Server thread/INFO]: Preparing spawn area: 0%
[01:22:14] [Server thread/INFO]: Preparing spawn area: 0%
[01:22:14] [Paper Common Worker #0/INFO]: [MCTypeRegistry] Initialising converters for DataConverter...
[01:22:14] [Paper Common Worker #0/INFO]: [MCTypeRegistry] Finished initialising converters for DataConverter in 344.8ms
[01:22:14] [Server thread/INFO]: Preparing spawn area: 6%
[01:22:15] [Server thread/INFO]: Time elapsed: 1465 ms
[01:22:15] [Server thread/INFO]: Preparing start region for dimension minecraft:the_nether
[01:22:15] [Server thread/INFO]: Preparing spawn area: 0%
[01:22:15] [Server thread/INFO]: Time elapsed: 204 ms
[01:22:15] [Server thread/INFO]: Preparing start region for dimension minecraft:the_end
[01:22:15] [Server thread/INFO]: Preparing spawn area: 0%
[01:22:15] [Server thread/INFO]: Time elapsed: 124 ms
[01:22:15] [Server thread/INFO]: [spark] Starting background profiler...
[01:22:15] [Server thread/INFO]: Done preparing level "world" (3.042s)
[01:22:15] [Server thread/INFO]: Running delayed init tasks
[01:22:15] [Server thread/INFO]: Done (12.476s)! For help, type "help"
[01:24:22] [Server thread/INFO]: Stopping server
[01:24:22] [Server thread/INFO]: Saving players
[01:24:22] [Server thread/INFO]: Saving worlds
[01:24:22] [Server thread/INFO]: Saving chunks for level 'ServerLevel[world]'/minecraft:overworld
[01:24:22] [Server thread/INFO]: [ChunkHolderManager] Waiting 60s for chunk system to halt for world 'world'
[01:24:22] [Server thread/INFO]: [ChunkHolderManager] Halted chunk system for world 'world'
[01:24:22] [Server thread/INFO]: [ChunkHolderManager] Saving all chunkholders for world 'world'
[01:24:23] [Server thread/INFO]: [ChunkHolderManager] Saved 49 block chunks, 49 entity chunks, 0 poi chunks in world 'world' in 0.28s
[01:24:23] [Server thread/INFO]: [ChunkHolderManager] Waiting 60s for chunk I/O to halt for world 'world'
[01:24:23] [Server thread/INFO]: [ChunkHolderManager] Halted I/O scheduler for world 'world'
[01:24:23] [Server thread/INFO]: Saving chunks for level 'ServerLevel[world_nether]'/minecraft:the_nether
[01:24:23] [Server thread/INFO]: [ChunkHolderManager] Waiting 60s for chunk system to halt for world 'world_nether'
[01:24:23] [Server thread/INFO]: [ChunkHolderManager] Halted chunk system for world 'world_nether'
[01:24:23] [Server thread/INFO]: [ChunkHolderManager] Saving all chunkholders for world 'world_nether'
[01:24:23] [Server thread/INFO]: [ChunkHolderManager] Saved 49 block chunks, 49 entity chunks, 0 poi chunks in world 'world_nether' in 0.12s
[01:24:23] [Server thread/INFO]: [ChunkHolderManager] Waiting 60s for chunk I/O to halt for world 'world_nether'
[01:24:23] [Server thread/INFO]: [ChunkHolderManager] Halted I/O scheduler for world 'world_nether'
[01:24:23] [Server thread/INFO]: Saving chunks for level 'ServerLevel[world_the_end]'/minecraft:the_end
[01:24:23] [Server thread/INFO]: [ChunkHolderManager] Waiting 60s for chunk system to halt for world 'world_the_end'
[01:24:23] [Server thread/INFO]: [ChunkHolderManager] Halted chunk system for world 'world_the_end'
[01:24:23] [Server thread/INFO]: [ChunkHolderManager] Saving all chunkholders for world 'world_the_end'
[01:24:23] [Server thread/INFO]: [ChunkHolderManager] Saved 49 block chunks, 49 entity chunks, 0 poi chunks in world 'world_the_end' in 0.09s
[01:24:23] [Server thread/INFO]: [ChunkHolderManager] Waiting 60s for chunk I/O to halt for world 'world_the_end'
[01:24:23] [Server thread/INFO]: [ChunkHolderManager] Halted I/O scheduler for world 'world_the_end'
[01:24:23] [Server thread/INFO]: ThreadedAnvilChunkStorage (world): All chunks are saved
[01:24:23] [Server thread/INFO]: ThreadedAnvilChunkStorage (DIM-1): All chunks are saved
[01:24:23] [Server thread/INFO]: ThreadedAnvilChunkStorage (DIM1): All chunks are saved
[01:24:23] [Server thread/INFO]: ThreadedAnvilChunkStorage: All dimensions are saved
[01:24:23] [Server thread/INFO]: Waiting for I/O tasks to complete...
[01:24:23] [Server thread/INFO]: All I/O tasks to complete
[01:24:23] [Server thread/INFO]: [MoonriseCommon] Awaiting termination of worker pool for up to 60s...
[01:24:23] [Server thread/INFO]: [MoonriseCommon] Awaiting termination of I/O pool for up to 60s...
